\BOOKMARK [1][-]{section*.1}{\376\377\000S\000u\000m\000m\000a\000r\000y}{}% 1
\BOOKMARK [1][-]{section*.2}{\376\377\000E\000d\000u\000c\000a\000t\000i\000o\000n}{}% 2
\BOOKMARK [1][-]{section*.3}{\376\377\000W\000o\000r\000k\000i\000n\000g\000\040\000E\000x\000p\000e\000r\000i\000e\000n\000c\000e}{}% 3
\BOOKMARK [1][-]{section*.4}{\376\377\000P\000u\000b\000l\000i\000c\000a\000t\000i\000o\000n\000s}{}% 4
\BOOKMARK [2][-]{subsection*.5}{\376\377\0002\0000\0001\0009}{section*.4}% 5
\BOOKMARK [2][-]{subsection*.6}{\376\377\0002\0000\0001\0008}{section*.4}% 6
\BOOKMARK [2][-]{subsection*.7}{\376\377\0002\0000\0001\0006}{section*.4}% 7
\BOOKMARK [2][-]{subsection*.8}{\376\377\0002\0000\0001\0005}{section*.4}% 8
\BOOKMARK [2][-]{subsection*.9}{\376\377\0002\0000\0001\0000}{section*.4}% 9
\BOOKMARK [2][-]{subsection*.10}{\376\377\000I\000n\000\040\000r\000e\000v\000i\000s\000i\000o\000n}{section*.4}% 10
\BOOKMARK [2][-]{subsection*.11}{\376\377\000I\000n\000\040\000p\000r\000e\000p\000a\000r\000a\000t\000i\000o\000n}{section*.4}% 11
\BOOKMARK [1][-]{section*.12}{\376\377\000T\000e\000a\000c\000h\000i\000n\000g\000\040\000E\000x\000p\000e\000r\000i\000e\000n\000c\000e}{}% 12
\BOOKMARK [2][-]{subsection*.13}{\376\377\000P\000o\000s\000t\000g\000r\000a\000d\000u\000a\000t\000e\000\040\000t\000e\000a\000c\000h\000i\000n\000g\000\040\0002\0000\0001\0008\000-\0002\0000\0001\0009}{section*.12}% 13
\BOOKMARK [2][-]{subsection*.14}{\376\377\000U\000n\000d\000e\000r\000g\000r\000a\000d\000u\000a\000t\000e\000\040\000t\000e\000a\000c\000h\000i\000n\000g\000\040\0002\0000\0001\0003\000-\0002\0000\0001\0004}{section*.12}% 14
\BOOKMARK [1][-]{section*.15}{\376\377\000S\000o\000f\000t\000w\000a\000r\000e}{}% 15
\BOOKMARK [2][-]{subsection*.16}{\376\377\000s\000e\000n\000s\000i\000P\000h\000y}{section*.15}% 16
\BOOKMARK [2][-]{subsection*.17}{\376\377\000W\000e\000a\000s\000e\000l}{section*.15}% 17
\BOOKMARK [2][-]{subsection*.18}{\376\377\000S\000S\000r\000e\000g\000r\000e\000s\000s\000i\000o\000n}{section*.15}% 18
\BOOKMARK [1][-]{section*.19}{\376\377\000W\000e\000b\000\040\000d\000e\000v\000e\000l\000o\000p\000m\000e\000n\000t}{}% 19
\BOOKMARK [1][-]{section*.20}{\376\377\000R\000e\000v\000i\000e\000w\000e\000r}{}% 20
\BOOKMARK [1][-]{section*.21}{\376\377\000A\000w\000a\000r\000d\000s\000\040\000a\000n\000d\000\040\000H\000o\000n\000o\000r\000s}{}% 21
